# JRE version: OpenJDK Runtime Environment (8.0_202-b03) (build 1.8.0_202-release-1483-b03)
# Java VM: OpenJDK 64-Bit Server VM (25.202-b03 mixed mode windows-amd64 compressed oops)
Heap:
 PSYoungGen      total 146944K, used 43854K [0x00000000e0000000, 0x00000000eaf00000, 0x0000000100000000)
  eden space 135168K, 23% used [0x00000000e0000000,0x00000000e1f862d8,0x00000000e8400000)
  from space 11776K, 98% used [0x00000000e8780000,0x00000000e92cd720,0x00000000e9300000)
  to   space 22016K, 0% used [0x00000000e9980000,0x00000000e9980000,0x00000000eaf00000)
 ParOldGen       total 162304K, used 59864K [0x00000000a0000000, 0x00000000a9e80000, 0x00000000e0000000)
  object space 162304K, 36% used [0x00000000a0000000,0x00000000a3a763e0,0x00000000a9e80000)
 Metaspace       used 88746K, capacity 93194K, committed 93440K, reserved 1130496K
  class space    used 11654K, capacity 12539K, committed 12544K, reserved 1048576K
GC Heap History (10 events):
Event: 528.888 GC heap before
{Heap before GC invocations=18 (full 3):
 PSYoungGen      total 166400K, used 166369K [0x00000000e0000000, 0x00000000ec880000, 0x0000000100000000)
  eden space 150016K, 100% used [0x00000000e0000000,0x00000000e9280000,0x00000000e9280000)
  from space 16384K, 99% used [0x00000000ea780000,0x00000000eb778500,0x00000000eb780000)
  to   space 21504K, 0% used [0x00000000e9280000,0x00000000e9280000,0x00000000ea780000)
 ParOldGen       total 162304K, used 40077K [0x00000000a0000000, 0x00000000a9e80000, 0x00000000e0000000)
  object space 162304K, 24% used [0x00000000a0000000,0x00000000a2723468,0x00000000a9e80000)
 Metaspace       used 77418K, capacity 80476K, committed 80768K, reserved 1120256K
  class space    used 10115K, capacity 10778K, committed 10880K, reserved 1048576K
Event: 528.924 GC heap after
Heap after GC invocations=18 (full 3):
 PSYoungGen      total 171520K, used 21489K [0x00000000e0000000, 0x00000000ed980000, 0x0000000100000000)
  eden space 150016K, 0% used [0x00000000e0000000,0x00000000e0000000,0x00000000e9280000)
  from space 21504K, 99% used [0x00000000e9280000,0x00000000ea77c5d0,0x00000000ea780000)
  to   space 26112K, 0% used [0x00000000ec000000,0x00000000ec000000,0x00000000ed980000)
 ParOldGen       total 162304K, used 44602K [0x00000000a0000000, 0x00000000a9e80000, 0x00000000e0000000)
  object space 162304K, 27% used [0x00000000a0000000,0x00000000a2b8eb08,0x00000000a9e80000)
 Metaspace       used 77418K, capacity 80476K, committed 80768K, reserved 1120256K
  class space    used 10115K, capacity 10778K, committed 10880K, reserved 1048576K
}
Event: 2357.418 GC heap before
{Heap before GC invocations=19 (full 3):
 PSYoungGen      total 171520K, used 171505K [0x00000000e0000000, 0x00000000ed980000, 0x0000000100000000)
  eden space 150016K, 100% used [0x00000000e0000000,0x00000000e9280000,0x00000000e9280000)
  from space 21504K, 99% used [0x00000000e9280000,0x00000000ea77c5d0,0x00000000ea780000)
  to   space 26112K, 0% used [0x00000000ec000000,0x00000000ec000000,0x00000000ed980000)
 ParOldGen       total 162304K, used 44602K [0x00000000a0000000, 0x00000000a9e80000, 0x00000000e0000000)
  object space 162304K, 27% used [0x00000000a0000000,0x00000000a2b8eb08,0x00000000a9e80000)
 Metaspace       used 86914K, capacity 91024K, committed 91264K, reserved 1128448K
  class space    used 11581K, capacity 12396K, committed 12416K, reserved 1048576K
Event: 2357.475 GC heap after
Heap after GC invocations=19 (full 3):
 PSYoungGen      total 159232K, used 12877K [0x00000000e0000000, 0x00000000ecd00000, 0x0000000100000000)
  eden space 145920K, 0% used [0x00000000e0000000,0x00000000e0000000,0x00000000e8e80000)
  from space 13312K, 96% used [0x00000000ec000000,0x00000000ecc934d0,0x00000000ecd00000)
  to   space 25088K, 0% used [0x00000000e9c00000,0x00000000e9c00000,0x00000000eb480000)
 ParOldGen       total 162304K, used 59840K [0x00000000a0000000, 0x00000000a9e80000, 0x00000000e0000000)
  object space 162304K, 36% used [0x00000000a0000000,0x00000000a3a703e0,0x00000000a9e80000)
 Metaspace       used 86914K, capacity 91024K, committed 91264K, reserved 1128448K
  class space    used 11581K, capacity 12396K, committed 12416K, reserved 1048576K
}
Event: 2361.401 GC heap before
{Heap before GC invocations=20 (full 3):
 PSYoungGen      total 159232K, used 158797K [0x00000000e0000000, 0x00000000ecd00000, 0x0000000100000000)
  eden space 145920K, 100% used [0x00000000e0000000,0x00000000e8e80000,0x00000000e8e80000)
  from space 13312K, 96% used [0x00000000ec000000,0x00000000ecc934d0,0x00000000ecd00000)
  to   space 25088K, 0% used [0x00000000e9c00000,0x00000000e9c00000,0x00000000eb480000)
 ParOldGen       total 162304K, used 59840K [0x00000000a0000000, 0x00000000a9e80000, 0x00000000e0000000)
  object space 162304K, 36% used [0x00000000a0000000,0x00000000a3a703e0,0x00000000a9e80000)
 Metaspace       used 87358K, capacity 91436K, committed 91520K, reserved 1128448K
  class space    used 11583K, capacity 12400K, committed 12416K, reserved 1048576K
Event: 2361.421 GC heap after
Heap after GC invocations=20 (full 3):
 PSYoungGen      total 153600K, used 10865K [0x00000000e0000000, 0x00000000ec080000, 0x0000000100000000)
  eden space 142336K, 0% used [0x00000000e0000000,0x00000000e0000000,0x00000000e8b00000)
  from space 11264K, 96% used [0x00000000e9c00000,0x00000000ea69c4c8,0x00000000ea700000)
  to   space 24064K, 0% used [0x00000000ea900000,0x00000000ea900000,0x00000000ec080000)
 ParOldGen       total 162304K, used 59848K [0x00000000a0000000, 0x00000000a9e80000, 0x00000000e0000000)
  object space 162304K, 36% used [0x00000000a0000000,0x00000000a3a723e0,0x00000000a9e80000)
 Metaspace       used 87358K, capacity 91436K, committed 91520K, reserved 1128448K
  class space    used 11583K, capacity 12400K, committed 12416K, reserved 1048576K
}
Event: 2625.735 GC heap before
{Heap before GC invocations=21 (full 3):
 PSYoungGen      total 153600K, used 153201K [0x00000000e0000000, 0x00000000ec080000, 0x0000000100000000)
  eden space 142336K, 100% used [0x00000000e0000000,0x00000000e8b00000,0x00000000e8b00000)
  from space 11264K, 96% used [0x00000000e9c00000,0x00000000ea69c4c8,0x00000000ea700000)
  to   space 24064K, 0% used [0x00000000ea900000,0x00000000ea900000,0x00000000ec080000)
 ParOldGen       total 162304K, used 59848K [0x00000000a0000000, 0x00000000a9e80000, 0x00000000e0000000)
  object space 162304K, 36% used [0x00000000a0000000,0x00000000a3a723e0,0x00000000a9e80000)
 Metaspace       used 88201K, capacity 92490K, committed 92672K, reserved 1130496K
  class space    used 11634K, capacity 12475K, committed 12544K, reserved 1048576K
Event: 2625.787 GC heap after
Heap after GC invocations=21 (full 3):
 PSYoungGen      total 150528K, used 10900K [0x00000000e0000000, 0x00000000eb480000, 0x0000000100000000)
  eden space 138752K, 0% used [0x00000000e0000000,0x00000000e0000000,0x00000000e8780000)
  from space 11776K, 92% used [0x00000000ea900000,0x00000000eb3a52b8,0x00000000eb480000)
  to   space 23040K, 0% used [0x00000000e8780000,0x00000000e8780000,0x00000000e9e00000)
 ParOldGen       total 162304K, used 59856K [0x00000000a0000000, 0x00000000a9e80000, 0x00000000e0000000)
  object space 162304K, 36% used [0x00000000a0000000,0x00000000a3a743e0,0x00000000a9e80000)
 Metaspace       used 88201K, capacity 92490K, committed 92672K, reserved 1130496K
  class space    used 11634K, capacity 12475K, committed 12544K, reserved 1048576K
}
Event: 2740.688 GC heap before
{Heap before GC invocations=22 (full 3):
 PSYoungGen      total 150528K, used 149652K [0x00000000e0000000, 0x00000000eb480000, 0x0000000100000000)
  eden space 138752K, 100% used [0x00000000e0000000,0x00000000e8780000,0x00000000e8780000)
  from space 11776K, 92% used [0x00000000ea900000,0x00000000eb3a52b8,0x00000000eb480000)
  to   space 23040K, 0% used [0x00000000e8780000,0x00000000e8780000,0x00000000e9e00000)
 ParOldGen       total 162304K, used 59856K [0x00000000a0000000, 0x00000000a9e80000, 0x00000000e0000000)
  object space 162304K, 36% used [0x00000000a0000000,0x00000000a3a743e0,0x00000000a9e80000)
 Metaspace       used 88616K, capacity 93024K, committed 93184K, reserved 1130496K
  class space    used 11651K, capacity 12534K, committed 12544K, reserved 1048576K
Event: 2740.728 GC heap after
Heap after GC invocations=22 (full 3):
 PSYoungGen      total 146944K, used 11573K [0x00000000e0000000, 0x00000000eaf00000, 0x0000000100000000)
  eden space 135168K, 0% used [0x00000000e0000000,0x00000000e0000000,0x00000000e8400000)
  from space 11776K, 98% used [0x00000000e8780000,0x00000000e92cd720,0x00000000e9300000)
  to   space 22016K, 0% used [0x00000000e9980000,0x00000000e9980000,0x00000000eaf00000)
 ParOldGen       total 162304K, used 59864K [0x00000000a0000000, 0x00000000a9e80000, 0x00000000e0000000)
  object space 162304K, 36% used [0x00000000a0000000,0x00000000a3a763e0,0x00000000a9e80000)
 Metaspace       used 88616K, capacity 93024K, committed 93184K, reserved 1130496K
  class space    used 11651K, capacity 12534K, committed 12544K, reserved 1048576K
}

